[2025-09-25T07:51:15.966+0000] {local_task_job_runner.py:120} INFO - ::group::Pre task execution logs
[2025-09-25T07:51:15.981+0000] {taskinstance.py:2076} INFO - Dependencies all met for dep_context=non-requeueable deps ti=<TaskInstance: stock_pipeline_dag.fetch_and_store scheduled__2025-09-25T07:49:00+00:00 [queued]>
[2025-09-25T07:51:15.986+0000] {taskinstance.py:2076} INFO - Dependencies all met for dep_context=requeueable deps ti=<TaskInstance: stock_pipeline_dag.fetch_and_store scheduled__2025-09-25T07:49:00+00:00 [queued]>
[2025-09-25T07:51:15.987+0000] {taskinstance.py:2306} INFO - Starting attempt 1 of 3
[2025-09-25T07:51:15.997+0000] {taskinstance.py:2330} INFO - Executing <Task(PythonOperator): fetch_and_store> on 2025-09-25 07:49:00+00:00
[2025-09-25T07:51:16.004+0000] {standard_task_runner.py:63} INFO - Started process 187 to run task
[2025-09-25T07:51:16.006+0000] {standard_task_runner.py:90} INFO - Running: ['***', 'tasks', 'run', 'stock_pipeline_dag', 'fetch_and_store', 'scheduled__2025-09-25T07:49:00+00:00', '--job-id', '3', '--raw', '--subdir', 'DAGS_FOLDER/stock_pipeline_dag.py', '--cfg-path', '/tmp/tmpfsvsxpag']
[2025-09-25T07:51:16.009+0000] {standard_task_runner.py:91} INFO - Job 3: Subtask fetch_and_store
[2025-09-25T07:51:16.071+0000] {task_command.py:426} INFO - Running <TaskInstance: stock_pipeline_dag.fetch_and_store scheduled__2025-09-25T07:49:00+00:00 [running]> on host b1b48480b2d2
[2025-09-25T07:51:16.299+0000] {taskinstance.py:2648} INFO - Exporting env vars: AIRFLOW_CTX_DAG_OWNER='***' AIRFLOW_CTX_DAG_ID='stock_pipeline_dag' AIRFLOW_CTX_TASK_ID='fetch_and_store' AIRFLOW_CTX_EXECUTION_DATE='2025-09-25T07:49:00+00:00' AIRFLOW_CTX_TRY_NUMBER='1' AIRFLOW_CTX_DAG_RUN_ID='scheduled__2025-09-25T07:49:00+00:00'
[2025-09-25T07:51:16.300+0000] {taskinstance.py:430} INFO - ::endgroup::
[2025-09-25T07:51:16.318+0000] {logging_mixin.py:188} INFO - Starting pipeline for symbol: MSFT
[2025-09-25T07:51:16.318+0000] {logging_mixin.py:188} INFO - Fetching data for MSFT
[2025-09-25T07:51:16.318+0000] {logging_mixin.py:188} INFO - Making API call to Alpha Vantage for symbol: MSFT
[2025-09-25T07:51:16.319+0000] {logging_mixin.py:188} INFO - API Key present: Yes
[2025-09-25T07:51:16.319+0000] {logging_mixin.py:188} INFO - API Key length: 16
[2025-09-25T07:51:16.319+0000] {logging_mixin.py:188} INFO - URL: https://www.alphavantage.co/query
[2025-09-25T07:51:16.319+0000] {logging_mixin.py:188} INFO - Params: {'function': 'TIME_SERIES_DAILY', 'symbol': 'MSFT', 'outputsize': 'compact', 'apikey': 'ECK5FUI7UUP4DC5M'}
[2025-09-25T07:51:17.717+0000] {logging_mixin.py:188} INFO - Response status: 200
[2025-09-25T07:51:17.717+0000] {logging_mixin.py:188} INFO - Response headers: {'Date': 'Thu, 25 Sep 2025 07:51:17 GMT', 'Content-Type': 'application/json', 'Transfer-Encoding': 'chunked', 'Connection': 'keep-alive', 'allow': 'GET, HEAD, OPTIONS', 'cross-origin-opener-policy': 'same-origin', 'nel': '{"report_to":"heroku-nel","response_headers":["Via"],"max_age":3600,"success_fraction":0.01,"failure_fraction":0.1}', 'referrer-policy': 'same-origin', 'report-to': '{"group":"heroku-nel","endpoints":[{"url":"https://nel.heroku.com/reports?s=5szO652AlXCa2uFtT%2BKSI8s8WNFioFDhk%2BABUtBnMq0%3D\\u0026sid=1b10b0ff-8a76-4548-befa-353fc6c6c045\\u0026ts=1758786676"}],"max_age":3600}', 'reporting-endpoints': 'heroku-nel="https://nel.heroku.com/reports?s=5szO652AlXCa2uFtT%2BKSI8s8WNFioFDhk%2BABUtBnMq0%3D&sid=1b10b0ff-8a76-4548-befa-353fc6c6c045&ts=1758786676"', 'Server': 'cloudflare', 'vary': 'Cookie, Origin', 'via': '2.0 heroku-router', 'x-content-type-options': 'nosniff', 'x-frame-options': 'DENY', 'cf-cache-status': 'DYNAMIC', 'Content-Encoding': 'gzip', 'CF-RAY': '9848ef748e829ac4-BLR'}
[2025-09-25T07:51:17.718+0000] {logging_mixin.py:188} INFO - Response data keys: ['Information']
[2025-09-25T07:51:17.718+0000] {logging_mixin.py:188} INFO - Information from API: We have detected your API key as ECK5FUI7UUP4DC5M and our standard API rate limit is 25 requests per day. Please subscribe to any of the premium plans at https://www.alphavantage.co/premium/ to instantly remove all daily rate limits.
[2025-09-25T07:51:38.718+0000] {logging_mixin.py:188} INFO - Making API call to Alpha Vantage for symbol: MSFT
[2025-09-25T07:51:38.718+0000] {logging_mixin.py:188} INFO - API Key present: Yes
[2025-09-25T07:51:38.719+0000] {logging_mixin.py:188} INFO - API Key length: 16
[2025-09-25T07:51:38.719+0000] {logging_mixin.py:188} INFO - URL: https://www.alphavantage.co/query
[2025-09-25T07:51:38.719+0000] {logging_mixin.py:188} INFO - Params: {'function': 'TIME_SERIES_DAILY', 'symbol': 'MSFT', 'outputsize': 'compact', 'apikey': 'ECK5FUI7UUP4DC5M'}
[2025-09-25T07:51:39.401+0000] {logging_mixin.py:188} INFO - Response status: 200
[2025-09-25T07:51:39.401+0000] {logging_mixin.py:188} INFO - Response headers: {'Date': 'Thu, 25 Sep 2025 07:51:38 GMT', 'Content-Type': 'application/json', 'Transfer-Encoding': 'chunked', 'Connection': 'keep-alive', 'allow': 'GET, HEAD, OPTIONS', 'cross-origin-opener-policy': 'same-origin', 'nel': '{"report_to":"heroku-nel","response_headers":["Via"],"max_age":3600,"success_fraction":0.01,"failure_fraction":0.1}', 'referrer-policy': 'same-origin', 'report-to': '{"group":"heroku-nel","endpoints":[{"url":"https://nel.heroku.com/reports?s=rF3erEtlpZrAcKSfX470Bn9DuWG4hJoYMzsEZgiZZFg%3D\\u0026sid=1b10b0ff-8a76-4548-befa-353fc6c6c045\\u0026ts=1758786698"}],"max_age":3600}', 'reporting-endpoints': 'heroku-nel="https://nel.heroku.com/reports?s=rF3erEtlpZrAcKSfX470Bn9DuWG4hJoYMzsEZgiZZFg%3D&sid=1b10b0ff-8a76-4548-befa-353fc6c6c045&ts=1758786698"', 'Server': 'cloudflare', 'vary': 'Cookie, Origin', 'via': '2.0 heroku-router', 'x-content-type-options': 'nosniff', 'x-frame-options': 'DENY', 'cf-cache-status': 'DYNAMIC', 'Content-Encoding': 'gzip', 'CF-RAY': '9848effeea148839-BLR'}
[2025-09-25T07:51:39.401+0000] {logging_mixin.py:188} INFO - Response data keys: ['Information']
[2025-09-25T07:51:39.402+0000] {logging_mixin.py:188} INFO - Information from API: We have detected your API key as ECK5FUI7UUP4DC5M and our standard API rate limit is 25 requests per day. Please subscribe to any of the premium plans at https://www.alphavantage.co/premium/ to instantly remove all daily rate limits.
[2025-09-25T07:52:01.402+0000] {logging_mixin.py:188} INFO - Making API call to Alpha Vantage for symbol: MSFT
[2025-09-25T07:52:01.402+0000] {logging_mixin.py:188} INFO - API Key present: Yes
[2025-09-25T07:52:01.403+0000] {logging_mixin.py:188} INFO - API Key length: 16
[2025-09-25T07:52:01.403+0000] {logging_mixin.py:188} INFO - URL: https://www.alphavantage.co/query
[2025-09-25T07:52:01.403+0000] {logging_mixin.py:188} INFO - Params: {'function': 'TIME_SERIES_DAILY', 'symbol': 'MSFT', 'outputsize': 'compact', 'apikey': 'ECK5FUI7UUP4DC5M'}
[2025-09-25T07:52:01.953+0000] {logging_mixin.py:188} INFO - Response status: 200
[2025-09-25T07:52:01.954+0000] {logging_mixin.py:188} INFO - Response headers: {'Date': 'Thu, 25 Sep 2025 07:52:01 GMT', 'Content-Type': 'application/json', 'Transfer-Encoding': 'chunked', 'Connection': 'keep-alive', 'allow': 'GET, HEAD, OPTIONS', 'cross-origin-opener-policy': 'same-origin', 'nel': '{"report_to":"heroku-nel","response_headers":["Via"],"max_age":3600,"success_fraction":0.01,"failure_fraction":0.1}', 'referrer-policy': 'same-origin', 'report-to': '{"group":"heroku-nel","endpoints":[{"url":"https://nel.heroku.com/reports?s=xtW0U9auP3vvg2nv2NOLykM8KHpG6zkNi%2FdVAcEyGDA%3D\\u0026sid=1b10b0ff-8a76-4548-befa-353fc6c6c045\\u0026ts=1758786720"}],"max_age":3600}', 'reporting-endpoints': 'heroku-nel="https://nel.heroku.com/reports?s=xtW0U9auP3vvg2nv2NOLykM8KHpG6zkNi%2FdVAcEyGDA%3D&sid=1b10b0ff-8a76-4548-befa-353fc6c6c045&ts=1758786720"', 'Server': 'cloudflare', 'vary': 'Cookie, Origin', 'via': '2.0 heroku-router', 'x-content-type-options': 'nosniff', 'x-frame-options': 'DENY', 'cf-cache-status': 'DYNAMIC', 'Content-Encoding': 'gzip', 'CF-RAY': '9848f08ca988c1ae-BLR'}
[2025-09-25T07:52:01.954+0000] {logging_mixin.py:188} INFO - Response data keys: ['Information']
[2025-09-25T07:52:01.954+0000] {logging_mixin.py:188} INFO - Information from API: We have detected your API key as ECK5FUI7UUP4DC5M and our standard API rate limit is 25 requests per day. Please subscribe to any of the premium plans at https://www.alphavantage.co/premium/ to instantly remove all daily rate limits.
[2025-09-25T07:52:25.954+0000] {logging_mixin.py:188} INFO - Making API call to Alpha Vantage for symbol: MSFT
[2025-09-25T07:52:25.954+0000] {logging_mixin.py:188} INFO - API Key present: Yes
[2025-09-25T07:52:25.955+0000] {logging_mixin.py:188} INFO - API Key length: 16
[2025-09-25T07:52:25.955+0000] {logging_mixin.py:188} INFO - URL: https://www.alphavantage.co/query
[2025-09-25T07:52:25.956+0000] {logging_mixin.py:188} INFO - Params: {'function': 'TIME_SERIES_DAILY', 'symbol': 'MSFT', 'outputsize': 'compact', 'apikey': 'ECK5FUI7UUP4DC5M'}
[2025-09-25T07:52:26.609+0000] {logging_mixin.py:188} INFO - Response status: 200
[2025-09-25T07:52:26.610+0000] {logging_mixin.py:188} INFO - Response headers: {'Date': 'Thu, 25 Sep 2025 07:52:25 GMT', 'Content-Type': 'application/json', 'Transfer-Encoding': 'chunked', 'Connection': 'keep-alive', 'allow': 'GET, HEAD, OPTIONS', 'cross-origin-opener-policy': 'same-origin', 'nel': '{"report_to":"heroku-nel","response_headers":["Via"],"max_age":3600,"success_fraction":0.01,"failure_fraction":0.1}', 'referrer-policy': 'same-origin', 'report-to': '{"group":"heroku-nel","endpoints":[{"url":"https://nel.heroku.com/reports?s=VOZuHJjo6dMWN2%2B6CIPSyIEvm4MbxOFfYaD9pPSgb1E%3D\\u0026sid=1b10b0ff-8a76-4548-befa-353fc6c6c045\\u0026ts=1758786745"}],"max_age":3600}', 'reporting-endpoints': 'heroku-nel="https://nel.heroku.com/reports?s=VOZuHJjo6dMWN2%2B6CIPSyIEvm4MbxOFfYaD9pPSgb1E%3D&sid=1b10b0ff-8a76-4548-befa-353fc6c6c045&ts=1758786745"', 'Server': 'cloudflare', 'vary': 'Cookie, Origin', 'via': '2.0 heroku-router', 'x-content-type-options': 'nosniff', 'x-frame-options': 'DENY', 'cf-cache-status': 'DYNAMIC', 'Content-Encoding': 'gzip', 'CF-RAY': '9848f126aed9dfa6-BLR'}
[2025-09-25T07:52:26.610+0000] {logging_mixin.py:188} INFO - Response data keys: ['Information']
[2025-09-25T07:52:26.610+0000] {logging_mixin.py:188} INFO - Information from API: We have detected your API key as ECK5FUI7UUP4DC5M and our standard API rate limit is 25 requests per day. Please subscribe to any of the premium plans at https://www.alphavantage.co/premium/ to instantly remove all daily rate limits.
[2025-09-25T07:52:54.610+0000] {logging_mixin.py:188} INFO - Making API call to Alpha Vantage for symbol: MSFT
[2025-09-25T07:52:54.610+0000] {logging_mixin.py:188} INFO - API Key present: Yes
[2025-09-25T07:52:54.611+0000] {logging_mixin.py:188} INFO - API Key length: 16
[2025-09-25T07:52:54.611+0000] {logging_mixin.py:188} INFO - URL: https://www.alphavantage.co/query
[2025-09-25T07:52:54.611+0000] {logging_mixin.py:188} INFO - Params: {'function': 'TIME_SERIES_DAILY', 'symbol': 'MSFT', 'outputsize': 'compact', 'apikey': 'ECK5FUI7UUP4DC5M'}
[2025-09-25T07:52:55.171+0000] {logging_mixin.py:188} INFO - Response status: 200
[2025-09-25T07:52:55.171+0000] {logging_mixin.py:188} INFO - Response headers: {'Date': 'Thu, 25 Sep 2025 07:52:54 GMT', 'Content-Type': 'application/json', 'Transfer-Encoding': 'chunked', 'Connection': 'keep-alive', 'allow': 'GET, HEAD, OPTIONS', 'cross-origin-opener-policy': 'same-origin', 'nel': '{"report_to":"heroku-nel","response_headers":["Via"],"max_age":3600,"success_fraction":0.01,"failure_fraction":0.1}', 'referrer-policy': 'same-origin', 'report-to': '{"group":"heroku-nel","endpoints":[{"url":"https://nel.heroku.com/reports?s=vEFEHvDXaEuM4RoGY1zG30R9oorQ6ezQcw3JOgB7vok%3D\\u0026sid=1b10b0ff-8a76-4548-befa-353fc6c6c045\\u0026ts=1758786774"}],"max_age":3600}', 'reporting-endpoints': 'heroku-nel="https://nel.heroku.com/reports?s=vEFEHvDXaEuM4RoGY1zG30R9oorQ6ezQcw3JOgB7vok%3D&sid=1b10b0ff-8a76-4548-befa-353fc6c6c045&ts=1758786774"', 'Server': 'cloudflare', 'vary': 'Cookie, Origin', 'via': '2.0 heroku-router', 'x-content-type-options': 'nosniff', 'x-frame-options': 'DENY', 'cf-cache-status': 'DYNAMIC', 'Content-Encoding': 'gzip', 'CF-RAY': '9848f1d939ed7fa8-BLR'}
[2025-09-25T07:52:55.172+0000] {logging_mixin.py:188} INFO - Response data keys: ['Information']
[2025-09-25T07:52:55.172+0000] {logging_mixin.py:188} INFO - Information from API: We have detected your API key as ECK5FUI7UUP4DC5M and our standard API rate limit is 25 requests per day. Please subscribe to any of the premium plans at https://www.alphavantage.co/premium/ to instantly remove all daily rate limits.
[2025-09-25T07:53:15.173+0000] {taskinstance.py:441} INFO - ::group::Post task execution logs
[2025-09-25T07:53:15.173+0000] {taskinstance.py:2905} ERROR - Task failed with exception
Traceback (most recent call last):
  File "/home/airflow/.local/lib/python3.11/site-packages/airflow/models/taskinstance.py", line 465, in _execute_task
    result = _execute_callable(context=context, **execute_callable_kwargs)
             ^^^^^^^^^^^^^^^^^^^^^^^^^^^^^^^^^^^^^^^^^^^^^^^^^^^^^^^^^^^^^
  File "/home/airflow/.local/lib/python3.11/site-packages/airflow/models/taskinstance.py", line 432, in _execute_callable
    return execute_callable(context=context, **execute_callable_kwargs)
           ^^^^^^^^^^^^^^^^^^^^^^^^^^^^^^^^^^^^^^^^^^^^^^^^^^^^^^^^^^^^
  File "/home/airflow/.local/lib/python3.11/site-packages/airflow/models/baseoperator.py", line 401, in wrapper
    return func(self, *args, **kwargs)
           ^^^^^^^^^^^^^^^^^^^^^^^^^^^
  File "/home/airflow/.local/lib/python3.11/site-packages/airflow/operators/python.py", line 235, in execute
    return_value = self.execute_callable()
                   ^^^^^^^^^^^^^^^^^^^^^^^
  File "/home/airflow/.local/lib/python3.11/site-packages/airflow/operators/python.py", line 252, in execute_callable
    return self.python_callable(*self.op_args, **self.op_kwargs)
           ^^^^^^^^^^^^^^^^^^^^^^^^^^^^^^^^^^^^^^^^^^^^^^^^^^^^^
  File "/opt/airflow/dags/stock_pipeline_dag.py", line 181, in _fetch_and_store
    result = run_pipeline(symbol)
             ^^^^^^^^^^^^^^^^^^^^
  File "/opt/airflow/dags/stock_pipeline_dag.py", line 171, in run_pipeline
    payload = fetch_alpha_vantage_daily(symbol, api_key)
              ^^^^^^^^^^^^^^^^^^^^^^^^^^^^^^^^^^^^^^^^^^
  File "/home/airflow/.local/lib/python3.11/site-packages/tenacity/__init__.py", line 336, in wrapped_f
    return copy(f, *args, **kw)
           ^^^^^^^^^^^^^^^^^^^^
  File "/home/airflow/.local/lib/python3.11/site-packages/tenacity/__init__.py", line 475, in __call__
    do = self.iter(retry_state=retry_state)
         ^^^^^^^^^^^^^^^^^^^^^^^^^^^^^^^^^^
  File "/home/airflow/.local/lib/python3.11/site-packages/tenacity/__init__.py", line 376, in iter
    result = action(retry_state)
             ^^^^^^^^^^^^^^^^^^^
  File "/home/airflow/.local/lib/python3.11/site-packages/tenacity/__init__.py", line 418, in exc_check
    raise retry_exc.reraise()
          ^^^^^^^^^^^^^^^^^^^
  File "/home/airflow/.local/lib/python3.11/site-packages/tenacity/__init__.py", line 185, in reraise
    raise self.last_attempt.result()
          ^^^^^^^^^^^^^^^^^^^^^^^^^^
  File "/usr/local/lib/python3.11/concurrent/futures/_base.py", line 449, in result
    return self.__get_result()
           ^^^^^^^^^^^^^^^^^^^
  File "/usr/local/lib/python3.11/concurrent/futures/_base.py", line 401, in __get_result
    raise self._exception
  File "/home/airflow/.local/lib/python3.11/site-packages/tenacity/__init__.py", line 478, in __call__
    result = fn(*args, **kwargs)
             ^^^^^^^^^^^^^^^^^^^
  File "/opt/airflow/dags/stock_pipeline_dag.py", line 122, in fetch_alpha_vantage_daily
    raise FetchError("Alpha Vantage throttled or invalid request: Information present in payload")
unusual_prefix_323a11923806f7c227d61b935f9f606f375b1c52_stock_pipeline_dag.FetchError: Alpha Vantage throttled or invalid request: Information present in payload
[2025-09-25T07:53:15.184+0000] {taskinstance.py:1206} INFO - Marking task as UP_FOR_RETRY. dag_id=stock_pipeline_dag, task_id=fetch_and_store, run_id=scheduled__2025-09-25T07:49:00+00:00, execution_date=20250925T074900, start_date=20250925T075115, end_date=20250925T075315
[2025-09-25T07:53:15.195+0000] {standard_task_runner.py:110} ERROR - Failed to execute job 3 for task fetch_and_store (Alpha Vantage throttled or invalid request: Information present in payload; 187)
[2025-09-25T07:53:15.237+0000] {local_task_job_runner.py:240} INFO - Task exited with return code 1
[2025-09-25T07:53:15.250+0000] {taskinstance.py:3503} INFO - 0 downstream tasks scheduled from follow-on schedule check
[2025-09-25T07:53:15.251+0000] {local_task_job_runner.py:222} INFO - ::endgroup::
